<?xml version="1.0" encoding="UTF-8"?>
<testng-results ignored="0" total="1" passed="1" failed="0" skipped="0">
  <reporter-output>
  </reporter-output>
  <suite started-at="2025-12-09T20:57:18 IST" name="Default suite" finished-at="2025-12-09T20:57:42 IST" duration-ms="24261">
    <groups>
    </groups>
    <test started-at="2025-12-09T20:57:18 IST" name="Default test" finished-at="2025-12-09T20:57:42 IST" duration-ms="24261">
      <class name="tests.EdgeTest">
        <test-method is-config="true" signature="setUp()[pri:0, instance:tests.EdgeTest@dd05255]" started-at="2025-12-09T20:57:18 IST" name="setUp" finished-at="2025-12-09T20:57:36 IST" duration-ms="18330" status="PASS">
          <reporter-output>
          </reporter-output>
        </test-method> <!-- setUp -->
        <test-method signature="edge()[pri:0, instance:tests.EdgeTest@dd05255]" started-at="2025-12-09T20:57:36 IST" name="edge" finished-at="2025-12-09T20:57:42 IST" duration-ms="5516" status="PASS">
          <reporter-output>
          </reporter-output>
        </test-method> <!-- edge -->
        <test-method is-config="true" signature="tearDown()[pri:0, instance:tests.EdgeTest@dd05255]" started-at="2025-12-09T20:57:42 IST" name="tearDown" finished-at="2025-12-09T20:57:42 IST" duration-ms="355" status="PASS">
          <reporter-output>
          </reporter-output>
        </test-method> <!-- tearDown -->
      </class> <!-- tests.EdgeTest -->
    </test> <!-- Default test -->
  </suite> <!-- Default suite -->
</testng-results>
