<?xml version="1.0" encoding="UTF-8"?>
<testng-results ignored="0" total="1" passed="1" failed="0" skipped="0">
  <reporter-output>
  </reporter-output>
  <suite started-at="2025-09-02T21:21:00 IST" name="Default suite" finished-at="2025-09-02T21:21:13 IST" duration-ms="12618">
    <groups>
    </groups>
    <test started-at="2025-09-02T21:21:00 IST" name="Default test" finished-at="2025-09-02T21:21:13 IST" duration-ms="12618">
      <class name="tests.EdgeTest">
        <test-method signature="edge()[pri:0, instance:tests.EdgeTest@4802796d]" started-at="2025-09-02T21:21:00 IST" name="edge" finished-at="2025-09-02T21:21:13 IST" duration-ms="12563" status="PASS">
          <reporter-output>
          </reporter-output>
        </test-method> <!-- edge -->
      </class> <!-- tests.EdgeTest -->
    </test> <!-- Default test -->
  </suite> <!-- Default suite -->
</testng-results>
